app/build/intermediates/manifest_merge_blame_file/debug/processDebugMainManifest/manifest-merger-blame-debug-report.txt
1<?xml version="1.0" encoding="utf-8"?>
2<manifest xmlns:android="http://schemas.android.com/apk/res/android"
3    package="com.smartdrive.kenya"
4    android:versionCode="1"
5    android:versionName="1.0" >
6
7    <uses-sdk
8        android:minSdkVersion="24"
9        android:targetSdkVersion="35" />
10
11    <uses-permission android:name="android.permission.INTERNET" />
11-->src\main\AndroidManifest.xml:5:5-67
11-->src\main\AndroidManifest.xml:5:22-64
12    <uses-permission android:name="android.permission.ACCESS_NETWORK_STATE" />
12-->src\main\AndroidManifest.xml:6:5-79
12-->src\main\AndroidManifest.xml:6:22-76
13
14    <permission
14-->[androidx.core:core:1.15.0] AndroidManifest.xml:22:5-24:47
15        android:name="com.smartdrive.kenya.DYNAMIC_RECEIVER_NOT_EXPORTED_PERMISSION"
15-->[androidx.core:core:1.15.0] AndroidManifest.xml:23:9-81
16        android:protectionLevel="signature" />
16-->[androidx.core:core:1.15.0] AndroidManifest.xml:24:9-44
17
18    <uses-permission android:name="com.smartdrive.kenya.DYNAMIC_RECEIVER_NOT_EXPORTED_PERMISSION" />
18-->[androidx.core:core:1.15.0] AndroidManifest.xml:26:5-97
18-->[androidx.core:core:1.15.0] AndroidManifest.xml:26:22-94
19
20    <application
20-->src\main\AndroidManifest.xml:8:5-27:19
21        android:name="com.smartdrive.kenya.SmartDriveApplication"
21-->src\main\AndroidManifest.xml:9:9-46
22        android:allowBackup="true"
22-->src\main\AndroidManifest.xml:10:9-35
23        android:appComponentFactory="androidx.core.app.CoreComponentFactory"
23-->[androidx.core:core:1.15.0] AndroidManifest.xml:28:18-86
24        android:dataExtractionRules="@xml/data_extraction_rules"
24-->src\main\AndroidManifest.xml:11:9-65
25        android:debuggable="true"
26        android:extractNativeLibs="false"
27        android:fullBackupContent="@xml/backup_rules"
27-->src\main\AndroidManifest.xml:12:9-54
28        android:label="@string/app_name"
28-->src\main\AndroidManifest.xml:13:9-41
29        android:supportsRtl="true"
29-->src\main\AndroidManifest.xml:14:9-35
30        android:testOnly="true"
31        android:theme="@style/Theme.SmartDriveKenya" >
31-->src\main\AndroidManifest.xml:15:9-53
32        <activity
32-->src\main\AndroidManifest.xml:17:9-26:20
33            android:name="com.smartdrive.kenya.MainActivity"
33-->src\main\AndroidManifest.xml:18:13-41
34            android:exported="true"
34-->src\main\AndroidManifest.xml:19:13-36
35            android:label="@string/app_name"
35-->src\main\AndroidManifest.xml:20:13-45
36            android:theme="@style/Theme.SmartDriveKenya" >
36-->src\main\AndroidManifest.xml:21:13-57
37            <intent-filter>
37-->src\main\AndroidManifest.xml:22:13-25:29
38                <action android:name="android.intent.action.MAIN" />
38-->src\main\AndroidManifest.xml:23:17-69
38-->src\main\AndroidManifest.xml:23:25-66
39
40                <category android:name="android.intent.category.LAUNCHER" />
40-->src\main\AndroidManifest.xml:24:17-77
40-->src\main\AndroidManifest.xml:24:27-74
41            </intent-filter>
42        </activity>
43
44        <provider
44-->[io.github.jan-tennert.supabase:auth-kt-android-debug:3.0.2] AndroidManifest.xml:9:9-17:20
45            android:name="androidx.startup.InitializationProvider"
45-->[io.github.jan-tennert.supabase:auth-kt-android-debug:3.0.2] AndroidManifest.xml:10:13-67
46            android:authorities="com.smartdrive.kenya.androidx-startup"
46-->[io.github.jan-tennert.supabase:auth-kt-android-debug:3.0.2] AndroidManifest.xml:11:13-68
47            android:exported="false" >
47-->[io.github.jan-tennert.supabase:auth-kt-android-debug:3.0.2] AndroidManifest.xml:12:13-37
48            <meta-data
48-->[io.github.jan-tennert.supabase:auth-kt-android-debug:3.0.2] AndroidManifest.xml:14:13-16:52
49                android:name="io.github.jan.supabase.auth.SupabaseInitializer"
49-->[io.github.jan-tennert.supabase:auth-kt-android-debug:3.0.2] AndroidManifest.xml:15:17-79
50                android:value="androidx.startup" />
50-->[io.github.jan-tennert.supabase:auth-kt-android-debug:3.0.2] AndroidManifest.xml:16:17-49
51            <meta-data
51-->[androidx.emoji2:emoji2:1.3.0] AndroidManifest.xml:29:13-31:52
52                android:name="androidx.emoji2.text.EmojiCompatInitializer"
52-->[androidx.emoji2:emoji2:1.3.0] AndroidManifest.xml:30:17-75
53                android:value="androidx.startup" />
53-->[androidx.emoji2:emoji2:1.3.0] AndroidManifest.xml:31:17-49
54            <meta-data
54-->[androidx.lifecycle:lifecycle-process:2.8.7] AndroidManifest.xml:29:13-31:52
55                android:name="androidx.lifecycle.ProcessLifecycleInitializer"
55-->[androidx.lifecycle:lifecycle-process:2.8.7] AndroidManifest.xml:30:17-78
56                android:value="androidx.startup" />
56-->[androidx.lifecycle:lifecycle-process:2.8.7] AndroidManifest.xml:31:17-49
57            <meta-data
57-->[androidx.profileinstaller:profileinstaller:1.3.1] AndroidManifest.xml:29:13-31:52
58                android:name="androidx.profileinstaller.ProfileInstallerInitializer"
58-->[androidx.profileinstaller:profileinstaller:1.3.1] AndroidManifest.xml:30:17-85
59                android:value="androidx.startup" />
59-->[androidx.profileinstaller:profileinstaller:1.3.1] AndroidManifest.xml:31:17-49
60            <meta-data
60-->[com.russhwolf:multiplatform-settings-no-arg-android-debug:1.2.0] AndroidManifest.xml:29:13-31:52
61                android:name="com.russhwolf.settings.SettingsInitializer"
61-->[com.russhwolf:multiplatform-settings-no-arg-android-debug:1.2.0] AndroidManifest.xml:30:17-74
62                android:value="androidx.startup" />
62-->[com.russhwolf:multiplatform-settings-no-arg-android-debug:1.2.0] AndroidManifest.xml:31:17-49
63        </provider>
64
65        <activity
65-->[androidx.compose.ui:ui-test-manifest:1.7.6] AndroidManifest.xml:23:9-25:39
66            android:name="androidx.activity.ComponentActivity"
66-->[androidx.compose.ui:ui-test-manifest:1.7.6] AndroidManifest.xml:24:13-63
67            android:exported="true" />
67-->[androidx.compose.ui:ui-test-manifest:1.7.6] AndroidManifest.xml:25:13-36
68        <activity
68-->[androidx.compose.ui:ui-tooling-android:1.7.6] AndroidManifest.xml:23:9-25:39
69            android:name="androidx.compose.ui.tooling.PreviewActivity"
69-->[androidx.compose.ui:ui-tooling-android:1.7.6] AndroidManifest.xml:24:13-71
70            android:exported="true" />
70-->[androidx.compose.ui:ui-tooling-android:1.7.6] AndroidManifest.xml:25:13-36
71
72        <service
72-->[androidx.room:room-runtime:2.6.1] AndroidManifest.xml:24:9-28:63
73            android:name="androidx.room.MultiInstanceInvalidationService"
73-->[androidx.room:room-runtime:2.6.1] AndroidManifest.xml:25:13-74
74            android:directBootAware="true"
74-->[androidx.room:room-runtime:2.6.1] AndroidManifest.xml:26:13-43
75            android:exported="false" />
75-->[androidx.room:room-runtime:2.6.1] AndroidManifest.xml:27:13-37
76
77        <receiver
77-->[androidx.profileinstaller:profileinstaller:1.3.1] AndroidManifest.xml:34:9-52:20
78            android:name="androidx.profileinstaller.ProfileInstallReceiver"
78-->[androidx.profileinstaller:profileinstaller:1.3.1] AndroidManifest.xml:35:13-76
79            android:directBootAware="false"
79-->[androidx.profileinstaller:profileinstaller:1.3.1] AndroidManifest.xml:36:13-44
80            android:enabled="true"
80-->[androidx.profileinstaller:profileinstaller:1.3.1] AndroidManifest.xml:37:13-35
81            android:exported="true"
81-->[androidx.profileinstaller:profileinstaller:1.3.1] AndroidManifest.xml:38:13-36
82            android:permission="android.permission.DUMP" >
82-->[androidx.profileinstaller:profileinstaller:1.3.1] AndroidManifest.xml:39:13-57
83            <intent-filter>
83-->[androidx.profileinstaller:profileinstaller:1.3.1] AndroidManifest.xml:40:13-42:29
84                <action android:name="androidx.profileinstaller.action.INSTALL_PROFILE" />
84-->[androidx.profileinstaller:profileinstaller:1.3.1] AndroidManifest.xml:41:17-91
84-->[androidx.profileinstaller:profileinstaller:1.3.1] AndroidManifest.xml:41:25-88
85            </intent-filter>
86            <intent-filter>
86-->[androidx.profileinstaller:profileinstaller:1.3.1] AndroidManifest.xml:43:13-45:29
87                <action android:name="androidx.profileinstaller.action.SKIP_FILE" />
87-->[androidx.profileinstaller:profileinstaller:1.3.1] AndroidManifest.xml:44:17-85
87-->[androidx.profileinstaller:profileinstaller:1.3.1] AndroidManifest.xml:44:25-82
88            </intent-filter>
89            <intent-filter>
89-->[androidx.profileinstaller:profileinstaller:1.3.1] AndroidManifest.xml:46:13-48:29
90                <action android:name="androidx.profileinstaller.action.SAVE_PROFILE" />
90-->[androidx.profileinstaller:profileinstaller:1.3.1] AndroidManifest.xml:47:17-88
90-->[androidx.profileinstaller:profileinstaller:1.3.1] AndroidManifest.xml:47:25-85
91            </intent-filter>
92            <intent-filter>
92-->[androidx.profileinstaller:profileinstaller:1.3.1] AndroidManifest.xml:49:13-51:29
93                <action android:name="androidx.profileinstaller.action.BENCHMARK_OPERATION" />
93-->[androidx.profileinstaller:profileinstaller:1.3.1] AndroidManifest.xml:50:17-95
93-->[androidx.profileinstaller:profileinstaller:1.3.1] AndroidManifest.xml:50:25-92
94            </intent-filter>
95        </receiver>
96    </application>
97
98</manifest>